#
# There is insufficient memory for the Java Runtime Environment to continue.
# Native memory allocation (mmap) failed to map 264241152 bytes. Error detail: G1 virtual space
# Possible reasons:
#   The system is out of physical RAM or swap space
#   This process is running with CompressedOops enabled, and the Java Heap may be blocking the growth of the native heap
# Possible solutions:
#   Reduce memory load on the system
#   Increase physical memory or swap space
#   Check if swap backing store is full
#   Decrease Java heap size (-Xmx/-Xms)
#   Decrease number of Java threads
#   Decrease Java thread stack sizes (-Xss)
#   Set larger code cache with -XX:ReservedCodeCacheSize=
#   JVM is running with Zero Based Compressed Oops mode in which the Java heap is
#     placed in the first 32GB address space. The Java Heap base address is the
#     maximum limit for the native heap growth. Please use -XX:HeapBaseMinAddress
#     to set the Java Heap base and to place the Java Heap above 32GB virtual address.
# This output file may be truncated or incomplete.
#
#  Out of Memory Error (os_windows.cpp:3631), pid=19412, tid=33332
#
# JRE version:  (22.0.1+8) (build )
# Java VM: OpenJDK 64-Bit Server VM (22.0.1+8-FR, mixed mode, sharing, tiered, compressed oops, compressed class ptrs, g1 gc, windows-amd64)
# No core dump will be written. Minidumps are not enabled by default on client versions of Windows
#

---------------  S U M M A R Y ------------

Command Line: C:\Users\vlads\AppData\Local\Temp\surefire15002388504927042452\surefirebooter-20250119193027078_3.jar C:\Users\vlads\AppData\Local\Temp\surefire15002388504927042452 2025-01-19T19-30-26_754-jvmRun1 surefire-20250119193027078_1tmp surefire_0-20250119193027078_2tmp

Host: 11th Gen Intel(R) Core(TM) i5-11400H @ 2.70GHz, 12 cores, 15G,  Windows 11 , 64 bit Build 26100 (10.0.26100.2454)
Time: Sun Jan 19 19:30:27 2025 GTB Standard Time elapsed time: 0.026621 seconds (0d 0h 0m 0s)

---------------  T H R E A D  ---------------

Current thread (0x0000025818a6f0d0):  JavaThread "Unknown thread" [_thread_in_vm, id=33332, stack(0x00000096b7900000,0x00000096b7a00000) (1024K)]

Stack: [0x00000096b7900000,0x00000096b7a00000]
Native frames: (J=compiled Java code, j=interpreted, Vv=VM code, C=native code)
V  [jvm.dll+0x6f75a9]  (no source info available)
V  [jvm.dll+0x8db2e5]  (no source info available)
V  [jvm.dll+0x8dd54e]  (no source info available)
V  [jvm.dll+0x8ddc33]  (no source info available)
V  [jvm.dll+0x28d2d6]  (no source info available)
V  [jvm.dll+0x6f3c85]  (no source info available)
V  [jvm.dll+0x6e838a]  (no source info available)
V  [jvm.dll+0x369b2b]  (no source info available)
V  [jvm.dll+0x372046]  (no source info available)
V  [jvm.dll+0x3c46e6]  (no source info available)
V  [jvm.dll+0x3c49b8]  (no source info available)
V  [jvm.dll+0x33c69c]  (no source info available)
V  [jvm.dll+0x33d3e8]  (no source info available)
V  [jvm.dll+0x8a237c]  (no source info available)
V  [jvm.dll+0x3d1d71]  (no source info available)
V  [jvm.dll+0x88b33c]  (no source info available)
V  [jvm.dll+0x46b1ae]  (no source info available)
V  [jvm.dll+0x46cff1]  (no source info available)
C  [jli.dll+0x52ab]  (no source info available)
C  [ucrtbase.dll+0x14ea0]  (no source info available)
C  [KERNEL32.DLL+0x2e8d7]  (no source info available)
C  [ntdll.dll+0xdfbcc]  (no source info available)


---------------  P R O C E S S  ---------------

Threads class SMR info:
_java_thread_list=0x00007ff89690a648, length=0, elements={
}

Java Threads: ( => current thread )
Total: 0

Other Threads:
  0x000002581a46d6b0 WorkerThread "GC Thread#0"                     [id=9112, stack(0x00000096b7a00000,0x00000096b7b00000) (1024K)]
  0x000002581a47e170 ConcurrentGCThread "G1 Main Marker"            [id=32416, stack(0x00000096b7b00000,0x00000096b7c00000) (1024K)]
  0x000002581a47eb90 WorkerThread "G1 Conc#0"                       [id=11388, stack(0x00000096b7c00000,0x00000096b7d00000) (1024K)]

[error occurred during error reporting (printing all threads), id 0xc0000005, EXCEPTION_ACCESS_VIOLATION (0xc0000005) at pc=0x00007ff895ff0217]
VM state: not at safepoint (not fully initialized)

VM Mutex/Monitor currently owned by a thread:  ([mutex/lock_event])
[0x00007ff89698e048] Heap_lock - owner thread: 0x0000025818a6f0d0

Heap address: 0x0000000704400000, size: 4028 MB, Compressed Oops mode: Zero based, Oop shift amount: 3

CDS archive(s) mapped at: [0x0000000000000000-0x0000000000000000-0x0000000000000000), size 0, SharedBaseAddress: 0x0000000800000000, ArchiveRelocationMode: 1.
Narrow klass base: 0x0000000000000000, Narrow klass shift: 0, Narrow klass range: 0x0

GC Precious Log:
 CardTable entry size: 512
 Card Set container configuration: InlinePtr #cards 4 size 8 Array Of Cards #cards 16 size 48 Howl #buckets 8 coarsen threshold 3686 Howl Bitmap #cards 512 size 80 coarsen threshold 460 Card regions per heap region 1 cards per card region 4096

Heap:
 garbage-first heap   total reserved 4124672K, committed 0K, used 0K [0x0000000704400000, 0x0000000800000000)
  region size 2048K, 0 young (0K), 0 survivors (0K)

[error occurred during error reporting (printing heap information), id 0xc0000005, EXCEPTION_ACCESS_VIOLATION (0xc0000005) at pc=0x00007ff8963f41d9]
GC Heap History (0 events):
No events

Dll operation events (1 events):
Event: 0.016 Loaded shared library C:\Users\vlads\.jdks\corretto-22.0.1\bin\java.dll

Deoptimization events (0 events):
No events

Classes loaded (0 events):
No events

Classes unloaded (0 events):
No events

Classes redefined (0 events):
No events

Internal exceptions (0 events):
No events

ZGC Phase Switch (0 events):
No events

VM Operations (0 events):
No events

Events (0 events):
No events


Dynamic libraries:
0x00007ff7222d0000 - 0x00007ff7222de000 	C:\Users\vlads\.jdks\corretto-22.0.1\bin\java.exe
0x00007ff905cc0000 - 0x00007ff905f23000 	C:\WINDOWS\SYSTEM32\ntdll.dll
0x00007ff9058d0000 - 0x00007ff905998000 	C:\WINDOWS\System32\KERNEL32.DLL
0x00007ff903280000 - 0x00007ff903632000 	C:\WINDOWS\System32\KERNELBASE.dll
0x00007ff903870000 - 0x00007ff9039bb000 	C:\WINDOWS\System32\ucrtbase.dll
0x00007ff8f3970000 - 0x00007ff8f3987000 	C:\Users\vlads\.jdks\corretto-22.0.1\bin\jli.dll
0x00007ff8f4760000 - 0x00007ff8f477b000 	C:\Users\vlads\.jdks\corretto-22.0.1\bin\VCRUNTIME140.dll
0x00007ff903b20000 - 0x00007ff903ce8000 	C:\WINDOWS\System32\USER32.dll
0x00007ff8e56e0000 - 0x00007ff8e5970000 	C:\WINDOWS\WinSxS\amd64_microsoft.windows.common-controls_6595b64144ccf1df_6.0.26100.2454_none_3e0b68a2e331ad60\COMCTL32.dll
0x00007ff903af0000 - 0x00007ff903b17000 	C:\WINDOWS\System32\win32u.dll
0x00007ff904b90000 - 0x00007ff904bba000 	C:\WINDOWS\System32\GDI32.dll
0x00007ff904400000 - 0x00007ff9044a9000 	C:\WINDOWS\System32\msvcrt.dll
0x00007ff903090000 - 0x00007ff9031bb000 	C:\WINDOWS\System32\gdi32full.dll
0x00007ff903640000 - 0x00007ff9036e3000 	C:\WINDOWS\System32\msvcp_win.dll
0x00007ff9059f0000 - 0x00007ff905a1f000 	C:\WINDOWS\System32\IMM32.DLL
0x00007ff8f4b10000 - 0x00007ff8f4b1c000 	C:\Users\vlads\.jdks\corretto-22.0.1\bin\vcruntime140_1.dll
0x00007ff8df9d0000 - 0x00007ff8dfa5d000 	C:\Users\vlads\.jdks\corretto-22.0.1\bin\msvcp140.dll
0x00007ff895ca0000 - 0x00007ff896a6f000 	C:\Users\vlads\.jdks\corretto-22.0.1\bin\server\jvm.dll
0x00007ff905480000 - 0x00007ff905534000 	C:\WINDOWS\System32\ADVAPI32.dll
0x00007ff904ca0000 - 0x00007ff904d46000 	C:\WINDOWS\System32\sechost.dll
0x00007ff905b30000 - 0x00007ff905c46000 	C:\WINDOWS\System32\RPCRT4.dll
0x00007ff904d50000 - 0x00007ff904dc4000 	C:\WINDOWS\System32\WS2_32.dll
0x00007ff901d00000 - 0x00007ff901d4e000 	C:\WINDOWS\SYSTEM32\POWRPROF.dll
0x00007ff8f5a50000 - 0x00007ff8f5a86000 	C:\WINDOWS\SYSTEM32\WINMM.dll
0x00007ff8fa660000 - 0x00007ff8fa66b000 	C:\WINDOWS\SYSTEM32\VERSION.dll
0x00007ff901ce0000 - 0x00007ff901cf4000 	C:\WINDOWS\SYSTEM32\UMPDC.dll
0x00007ff901f40000 - 0x00007ff901f5a000 	C:\WINDOWS\SYSTEM32\kernel.appcore.dll
0x00007ff8f40a0000 - 0x00007ff8f40aa000 	C:\Users\vlads\.jdks\corretto-22.0.1\bin\jimage.dll
0x00007ff9008b0000 - 0x00007ff900af1000 	C:\WINDOWS\SYSTEM32\DBGHELP.DLL
0x00007ff9050d0000 - 0x00007ff90544e000 	C:\WINDOWS\System32\combase.dll
0x00007ff904bc0000 - 0x00007ff904c96000 	C:\WINDOWS\System32\OLEAUT32.dll
0x00007ff8b9070000 - 0x00007ff8b90a9000 	C:\WINDOWS\SYSTEM32\dbgcore.DLL
0x00007ff903a50000 - 0x00007ff903ae9000 	C:\WINDOWS\System32\bcryptPrimitives.dll
0x00007ff8f38e0000 - 0x00007ff8f38fe000 	C:\Users\vlads\.jdks\corretto-22.0.1\bin\java.dll
0x00007ff903cf0000 - 0x00007ff9043f0000 	C:\WINDOWS\System32\SHELL32.dll
0x00007ff9056b0000 - 0x00007ff905849000 	C:\WINDOWS\System32\ole32.dll

dbghelp: loaded successfully - version: 4.0.5 - missing functions: none
symbol engine: initialized successfully - sym options: 0x614 - pdb path: .;C:\Users\vlads\.jdks\corretto-22.0.1\bin;C:\WINDOWS\SYSTEM32;C:\WINDOWS\WinSxS\amd64_microsoft.windows.common-controls_6595b64144ccf1df_6.0.26100.2454_none_3e0b68a2e331ad60;C:\Users\vlads\.jdks\corretto-22.0.1\bin\server

VM Arguments:
java_command: C:\Users\vlads\AppData\Local\Temp\surefire15002388504927042452\surefirebooter-20250119193027078_3.jar C:\Users\vlads\AppData\Local\Temp\surefire15002388504927042452 2025-01-19T19-30-26_754-jvmRun1 surefire-20250119193027078_1tmp surefire_0-20250119193027078_2tmp
java_class_path (initial): C:\Users\vlads\AppData\Local\Temp\surefire15002388504927042452\surefirebooter-20250119193027078_3.jar
Launcher Type: SUN_STANDARD

[Global flags]
     intx CICompilerCount                          = 4                                         {product} {ergonomic}
     uint ConcGCThreads                            = 3                                         {product} {ergonomic}
     uint G1ConcRefinementThreads                  = 10                                        {product} {ergonomic}
   size_t G1HeapRegionSize                         = 2097152                                   {product} {ergonomic}
   size_t InitialHeapSize                          = 264241152                                 {product} {ergonomic}
   size_t MarkStackSize                            = 4194304                                   {product} {ergonomic}
   size_t MaxHeapSize                              = 4223664128                                {product} {ergonomic}
   size_t MinHeapDeltaBytes                        = 2097152                                   {product} {ergonomic}
   size_t MinHeapSize                              = 8388608                                   {product} {ergonomic}
    uintx NonNMethodCodeHeapSize                   = 5839372                                {pd product} {ergonomic}
    uintx NonProfiledCodeHeapSize                  = 122909434                              {pd product} {ergonomic}
    uintx ProfiledCodeHeapSize                     = 122909434                              {pd product} {ergonomic}
    uintx ReservedCodeCacheSize                    = 251658240                              {pd product} {ergonomic}
     bool SegmentedCodeCache                       = true                                      {product} {ergonomic}
   size_t SoftMaxHeapSize                          = 4223664128                             {manageable} {ergonomic}
     bool UseCompressedOops                        = true                           {product lp64_product} {ergonomic}
     bool UseG1GC                                  = true                                      {product} {ergonomic}
     bool UseLargePagesIndividualAllocation        = false                                  {pd product} {ergonomic}

Logging:
Log output configuration:
 #0: stdout all=warning uptime,level,tags foldmultilines=false
 #1: stderr all=off uptime,level,tags foldmultilines=false

Environment Variables:
JAVA_HOME=C:\Users\vlads\.jdks\jdk-22.0.1
PATH=C:\Users\vlads\.jdks\jdk-22.0.1\bin;C:\Program Files\Common Files\Oracle\Java\javapath;C:\WINDOWS\system32;C:\WINDOWS;C:\WINDOWS\System32\Wbem;C:\WINDOWS\System32\WindowsPowerShell\v1.0\;C:\WINDOWS\System32\OpenSSH\;C:\Program Files\dotnet\;C:\Program Files\Microsoft SQL Server\130\Tools\Binn\;C:\Program Files\Microsoft SQL Server\Client SDK\ODBC\170\Tools\Binn\;D:\Git\cmd;C:\instantclient_21_13;C:\Program Files\Tesseract-OCR;C:\Program Files\Microsoft SQL Server\150\Tools\Binn\;C:\Program Files\doxygen\bin;C:\Program Files\nodejs\;C:\Program Files\Docker\Docker\resources\bin;D:\POS\activitatea-de-laborator-2024-2025-vladparvana\frontend\bin;C:\Users\vlads\AppData\Roaming\npm\node_modules\protobuf-javascript-3.21.4-win64\bin;C:\Users\vlads\AppData\Local\Microsoft\WindowsApps;D:\Microsoft VS Code\bin;D:\JetBrains\PyCharm 2023.3.4\bin;;C:\Program Files\Tesseract-OCR;D:\JetBrains\IntelliJ IDEA 2024.1\bin;;C:\Users\vlads\.dotnet\tools;C:\Users\vlads\AppData\Roaming\npm;C:\Users\vlads\.jdks\jdk-22.0.1\bin;D:\POS\activitatea-de-laborator-2024-2025-vladparvana\frontend\bin;C:\Users\vlads\AppData\Local\Microsoft\WinGet\Packages\Google.Protobuf_Microsoft.Winget.Source_8wekyb3d8bbwe\bin;C:\Users\vlads\AppData\Roaming\npm\node_modules\protobuf-javascript-3.21.4-win64\bin;
USERNAME=vlads
OS=Windows_NT
PROCESSOR_IDENTIFIER=Intel64 Family 6 Model 141 Stepping 1, GenuineIntel
TMP=C:\Users\vlads\AppData\Local\Temp
TEMP=C:\Users\vlads\AppData\Local\Temp




Periodic native trim disabled

---------------  S Y S T E M  ---------------

OS:
 Windows 11 , 64 bit Build 26100 (10.0.26100.2454)
OS uptime: 1 days 19:59 hours
Hyper-V role detected

CPU: total 12 (initial active 12) (6 cores per cpu, 2 threads per core) family 6 model 141 stepping 1 microcode 0x34, cx8, cmov, fxsr, ht, mmx, 3dnowpref, sse, sse2, sse3, ssse3, sse4.1, sse4.2, popcnt, lzcnt, tsc, tscinvbit, avx, avx2, aes, erms, clmul, bmi1, bmi2, adx, avx512f, avx512dq, avx512cd, avx512bw, avx512vl, sha, fma, vzeroupper, avx512_vpopcntdq, avx512_vpclmulqdq, avx512_vaes, avx512_vnni, clflush, clflushopt, clwb, avx512_vbmi2, avx512_vbmi, hv, rdtscp, rdpid, fsrm, gfni, avx512_bitalg, f16c, cet_ibt, cet_ss, avx512_ifma
Processor Information for all 12 processors :
  Max Mhz: 2688, Current Mhz: 2688, Mhz Limit: 2688

Memory: 4k page, system-wide physical 16106M (1235M free)
TotalPageFile size 27794M (AvailPageFile size 76M)
current process WorkingSet (physical memory assigned to process): 13M, peak: 13M
current process commit charge ("private bytes"): 64M, peak: 316M

vm_info: OpenJDK 64-Bit Server VM (22.0.1+8-FR) for windows-amd64 JRE (22.0.1+8-FR), built on 2024-04-10T18:58:20Z by "Administrator" with MS VC++ 16.10 / 16.11 (VS2019)

END.
